<?xml version="1.0" encoding="utf-8"?><testsuite errors="0" failures="0" name="nimi-python" skips="0" tests="15" time="0.486"><testcase classname="src.nimodinst.system_tests.test_system_nimodinst" file="src\nimodinst\system_tests\test_system_nimodinst.py" line="6" name="test_bad_device_family" time="0.2490217685699463"></testcase><testcase classname="src.nimodinst.system_tests.test_system_nimodinst" file="src\nimodinst\system_tests\test_system_nimodinst.py" line="11" name="test_no_device_family" time="0.0060007572174072266"></testcase><testcase classname="src.nimodinst.system_tests.test_system_nimodinst" file="src\nimodinst\system_tests\test_system_nimodinst.py" line="16" name="test_device_family_string_with_dashes" time="0.00500035285949707"></testcase><testcase classname="src.nimodinst.system_tests.test_system_nimodinst" file="src\nimodinst\system_tests\test_system_nimodinst.py" line="21" name="test_device_family_string_without_dashes" time="0.007000923156738281"></testcase><testcase classname="src.nimodinst.system_tests.test_system_nimodinst" file="src\nimodinst\system_tests\test_system_nimodinst.py" line="26" name="test_int_attribute_error_on_non_existant_device" time="0.01400136947631836"></testcase><testcase classname="src.nimodinst.system_tests.test_system_nimodinst" file="src\nimodinst\system_tests\test_system_nimodinst.py" line="37" name="test_string_attribute_error_on_non_existant_device" time="0.01200103759765625"></testcase><testcase classname="src.nimodinst.system_tests.test_system_nimodinst" file="src\nimodinst\system_tests\test_system_nimodinst.py" line="48" name="test_device_name_attribute" time="0.00500035285949707"></testcase><testcase classname="src.nimodinst.system_tests.test_system_nimodinst" file="src\nimodinst\system_tests\test_system_nimodinst.py" line="55" name="test_device_model_attribute" time="0.007000923156738281"></testcase><testcase classname="src.nimodinst.system_tests.test_system_nimodinst" file="src\nimodinst\system_tests\test_system_nimodinst.py" line="64" name="test_serial_number_attribute" time="0.00500035285949707"></testcase><testcase classname="src.nimodinst.system_tests.test_system_nimodinst" file="src\nimodinst\system_tests\test_system_nimodinst.py" line="72" name="test_bus_number_attribute" time="0.004000663757324219"></testcase><testcase classname="src.nimodinst.system_tests.test_system_nimodinst" file="src\nimodinst\system_tests\test_system_nimodinst.py" line="78" name="test_chassis_number_attribute" time="0.00500035285949707"></testcase><testcase classname="src.nimodinst.system_tests.test_system_nimodinst" file="src\nimodinst\system_tests\test_system_nimodinst.py" line="84" name="test_max_pciexpress_link_width_attribute" time="0.0060007572174072266"></testcase><testcase classname="src.nimodinst.system_tests.test_system_nimodinst" file="src\nimodinst\system_tests\test_system_nimodinst.py" line="90" name="test_pciexpress_link_width_attribute" time="0.00500035285949707"></testcase><testcase classname="src.nimodinst.system_tests.test_system_nimodinst" file="src\nimodinst\system_tests\test_system_nimodinst.py" line="96" name="test_slot_number_attribute" time="0.005000591278076172"></testcase><testcase classname="src.nimodinst.system_tests.test_system_nimodinst" file="src\nimodinst\system_tests\test_system_nimodinst.py" line="102" name="test_socket_number_attribute" time="0.00500035285949707"></testcase></testsuite>