<?xml version="1.0" encoding="utf-8"?><testsuite errors="0" failures="0" name="nimi-python" skips="0" tests="22" time="2.845"><testcase classname="src.niswitch.system_tests.test_system_niswitch" file="src\niswitch\system_tests\test_system_niswitch.py" line="14" name="test_relayclose" time="0.08601737022399902"></testcase><testcase classname="src.niswitch.system_tests.test_system_niswitch" file="src\niswitch\system_tests\test_system_niswitch.py" line="22" name="test_channel_connection" time="0.0045011043548583984"></testcase><testcase classname="src.niswitch.system_tests.test_system_niswitch" file="src\niswitch\system_tests\test_system_niswitch.py" line="36" name="test_continuous_software_scanning" time="1.3075861930847168"></testcase><testcase classname="src.niswitch.system_tests.test_system_niswitch" file="src\niswitch\system_tests\test_system_niswitch.py" line="58" name="test_vi_boolean_attribute" time="0.0030002593994140625"></testcase><testcase classname="src.niswitch.system_tests.test_system_niswitch" file="src\niswitch\system_tests\test_system_niswitch.py" line="65" name="test_vi_string_attribute" time="0.003000020980834961"></testcase><testcase classname="src.niswitch.system_tests.test_system_niswitch" file="src\niswitch\system_tests\test_system_niswitch.py" line="69" name="test_vi_int32_attribute" time="0.003000020980834961"></testcase><testcase classname="src.niswitch.system_tests.test_system_niswitch" file="src\niswitch\system_tests\test_system_niswitch.py" line="73" name="test_vi_real64_attribute" time="0.003000020980834961"></testcase><testcase classname="src.niswitch.system_tests.test_system_niswitch" file="src\niswitch\system_tests\test_system_niswitch.py" line="78" name="test_enum_attribute" time="1.0926976203918457"></testcase><testcase classname="src.niswitch.system_tests.test_system_niswitch" file="src\niswitch\system_tests\test_system_niswitch.py" line="83" name="test_write_only_attribute" time="0.026504993438720703"></testcase><testcase classname="src.niswitch.system_tests.test_system_niswitch" file="src\niswitch\system_tests\test_system_niswitch.py" line="92" name="test_method_reset" time="0.005000591278076172"></testcase><testcase classname="src.niswitch.system_tests.test_system_niswitch" file="src\niswitch\system_tests\test_system_niswitch.py" line="96" name="test_method_set_path" time="0.0035004615783691406"></testcase><testcase classname="src.niswitch.system_tests.test_system_niswitch" file="src\niswitch\system_tests\test_system_niswitch.py" line="100" name="test_method_can_connect" time="0.003000497817993164"></testcase><testcase classname="src.niswitch.system_tests.test_system_niswitch" file="src\niswitch\system_tests\test_system_niswitch.py" line="105" name="test_method_reset_with_defaults" time="0.0035004615783691406"></testcase><testcase classname="src.niswitch.system_tests.test_system_niswitch" file="src\niswitch\system_tests\test_system_niswitch.py" line="109" name="test_functions_get_relay_name" time="0.003500699996948242"></testcase><testcase classname="src.niswitch.system_tests.test_system_niswitch" file="src\niswitch\system_tests\test_system_niswitch.py" line="114" name="test_functions_get_channel_name" time="0.0020003318786621094"></testcase><testcase classname="src.niswitch.system_tests.test_system_niswitch" file="src\niswitch\system_tests\test_system_niswitch.py" line="119" name="test_functions_revision_query" time="0.011002540588378906"></testcase><testcase classname="src.niswitch.system_tests.test_system_niswitch" file="src\niswitch\system_tests\test_system_niswitch.py" line="125" name="test_functions_get_next_coercion_record" time="0.0035004615783691406"></testcase><testcase classname="src.niswitch.system_tests.test_system_niswitch" file="src\niswitch\system_tests\test_system_niswitch.py" line="130" name="test_functions_get_next_interchange_warning" time="0.0035004615783691406"></testcase><testcase classname="src.niswitch.system_tests.test_system_niswitch" file="src\niswitch\system_tests\test_system_niswitch.py" line="135" name="test_functions_self_test" time="0.01000213623046875"></testcase><testcase classname="src.niswitch.system_tests.test_system_niswitch" file="src\niswitch\system_tests\test_system_niswitch.py" line="141" name="test_functions_get_path" time="0.003500699996948242"></testcase><testcase classname="src.niswitch.system_tests.test_system_niswitch" file="src\niswitch\system_tests\test_system_niswitch.py" line="151" name="test_functions_error_query" time="0.003500699996948242"></testcase><testcase classname="src.niswitch.system_tests.test_system_niswitch" file="src\niswitch\system_tests\test_system_niswitch.py" line="160" name="test_functions_get_error_description" time="0.003000497817993164"></testcase></testsuite>