<?xml version="1.0" encoding="utf-8"?><testsuite errors="0" failures="0" name="nimi-python" skips="0" tests="17" time="0.612"><testcase classname="src.nidmm.system_tests.test_system_nidmm" file="src\nidmm\system_tests\test_system_nidmm.py" line="11" name="test_take_simple_measurement_works" time="0.20599985122680664"></testcase><testcase classname="src.nidmm.system_tests.test_system_nidmm" file="src\nidmm\system_tests\test_system_nidmm.py" line="16" name="test_acquisition" time="0.01399993896484375"></testcase><testcase classname="src.nidmm.system_tests.test_system_nidmm" file="src\nidmm\system_tests\test_system_nidmm.py" line="24" name="test_multi_point_acquisition" time="0.025000333786010742"></testcase><testcase classname="src.nidmm.system_tests.test_system_nidmm" file="src\nidmm\system_tests\test_system_nidmm.py" line="33" name="test_vi_boolean_attribute" time="0.006999969482421875"></testcase><testcase classname="src.nidmm.system_tests.test_system_nidmm" file="src\nidmm\system_tests\test_system_nidmm.py" line="37" name="test_vi_string_attribute" time="0.007500171661376953"></testcase><testcase classname="src.nidmm.system_tests.test_system_nidmm" file="src\nidmm\system_tests\test_system_nidmm.py" line="42" name="test_vi_int32_attribute" time="0.00749969482421875"></testcase><testcase classname="src.nidmm.system_tests.test_system_nidmm" file="src\nidmm\system_tests\test_system_nidmm.py" line="47" name="test_vi_real64_attribute" time="0.007500171661376953"></testcase><testcase classname="src.nidmm.system_tests.test_system_nidmm" file="src\nidmm\system_tests\test_system_nidmm.py" line="52" name="test_enum_attribute" time="0.0074999332427978516"></testcase><testcase classname="src.nidmm.system_tests.test_system_nidmm" file="src\nidmm\system_tests\test_system_nidmm.py" line="63" name="test_writeonly_attribute" time="0.043000221252441406"></testcase><testcase classname="src.nidmm.system_tests.test_system_nidmm" file="src\nidmm\system_tests\test_system_nidmm.py" line="72" name="test_method_get_aperture_time_info" time="0.007999897003173828"></testcase><testcase classname="src.nidmm.system_tests.test_system_nidmm" file="src\nidmm\system_tests\test_system_nidmm.py" line="76" name="test_method_configure_power_line_frequency" time="0.006999969482421875"></testcase><testcase classname="src.nidmm.system_tests.test_system_nidmm" file="src\nidmm\system_tests\test_system_nidmm.py" line="80" name="test_method_configure_trigger" time="0.007500171661376953"></testcase><testcase classname="src.nidmm.system_tests.test_system_nidmm" file="src\nidmm\system_tests\test_system_nidmm.py" line="88" name="test_method_self_test" time="0.0074999332427978516"></testcase><testcase classname="src.nidmm.system_tests.test_system_nidmm" file="src\nidmm\system_tests\test_system_nidmm.py" line="94" name="test_method_get_dev_temp" time="0.0074999332427978516"></testcase><testcase classname="src.nidmm.system_tests.test_system_nidmm" file="src\nidmm\system_tests\test_system_nidmm.py" line="99" name="test_method_reset_with_defaults" time="0.0074999332427978516"></testcase><testcase classname="src.nidmm.system_tests.test_system_nidmm" file="src\nidmm\system_tests\test_system_nidmm.py" line="103" name="test_method_get_self_cal_supported" time="0.0074999332427978516"></testcase><testcase classname="src.nidmm.system_tests.test_system_nidmm" file="src\nidmm\system_tests\test_system_nidmm.py" line="107" name="test_method_read_status" time="0.006499767303466797"></testcase></testsuite>